INFO  08:08:11 Application started. Press Ctrl+C to shut down.
INFO  08:08:11 Application started. Press Ctrl+C to shut down.
INFO  08:08:11 Hosting environment: Development
INFO  08:08:11 Hosting environment: Development
INFO  08:08:11 Content root path: C:\Users\Lenovo\source\repos\Project_Static\AuthService
INFO  08:08:11 Content root path: C:\Users\Lenovo\source\repos\Project_Static\AuthService
INFO  08:09:33 Application started. Press Ctrl+C to shut down.
INFO  08:09:33 Application started. Press Ctrl+C to shut down.
INFO  08:09:33 Hosting environment: Development
INFO  08:09:33 Hosting environment: Development
INFO  08:09:33 Content root path: C:\Users\Lenovo\source\repos\Project_Static\AuthService
INFO  08:09:33 Content root path: C:\Users\Lenovo\source\repos\Project_Static\AuthService
INFO  08:11:23 Application started. Press Ctrl+C to shut down.
INFO  08:11:23 Application started. Press Ctrl+C to shut down.
INFO  08:11:23 Hosting environment: Development
INFO  08:11:23 Hosting environment: Development
INFO  08:11:23 Content root path: C:\Users\Lenovo\source\repos\Project_Static\AuthService
INFO  08:11:23 Content root path: C:\Users\Lenovo\source\repos\Project_Static\AuthService
INFO  08:12:11 Application started. Press Ctrl+C to shut down.
INFO  08:12:11 Application started. Press Ctrl+C to shut down.
INFO  08:12:12 Hosting environment: Development
INFO  08:12:12 Hosting environment: Development
INFO  08:12:12 Content root path: C:\Users\Lenovo\source\repos\Project_Static\AuthService
INFO  08:12:12 Content root path: C:\Users\Lenovo\source\repos\Project_Static\AuthService
INFO  08:12:43 Login attempt made bymoana
INFO  08:12:54 Token generated formoana
ERROR 08:12:54 Login attempt failed bymoana
INFO  08:55:05 Application started. Press Ctrl+C to shut down.
INFO  08:55:05 Application started. Press Ctrl+C to shut down.
INFO  08:55:05 Hosting environment: Development
INFO  08:55:05 Hosting environment: Development
INFO  08:55:05 Content root path: C:\Users\Lenovo\source\repos\Project_Static\AuthService
INFO  08:55:05 Content root path: C:\Users\Lenovo\source\repos\Project_Static\AuthService
INFO  09:13:37 Application started. Press Ctrl+C to shut down.
INFO  09:13:37 Application started. Press Ctrl+C to shut down.
INFO  09:13:37 Hosting environment: Development
INFO  09:13:37 Hosting environment: Development
INFO  09:13:37 Content root path: C:\Users\Lenovo\source\repos\Project_Static\AuthService
INFO  09:13:37 Content root path: C:\Users\Lenovo\source\repos\Project_Static\AuthService
INFO  09:14:11 Login attempt made bymoana
INFO  09:14:12 Token generated formoana
ERROR 09:14:12 Login attempt failed bymoana
INFO  03:54:40 Application started. Press Ctrl+C to shut down.
INFO  03:54:40 Application started. Press Ctrl+C to shut down.
INFO  03:54:40 Hosting environment: Development
INFO  03:54:40 Hosting environment: Development
INFO  03:54:40 Content root path: C:\Users\Lenovo\source\repos\Project_Static\Auth\AuthService
INFO  03:54:40 Content root path: C:\Users\Lenovo\source\repos\Project_Static\Auth\AuthService
INFO  03:55:17 Login attempt made bysujana
INFO  03:57:11 Application started. Press Ctrl+C to shut down.
INFO  03:57:11 Application started. Press Ctrl+C to shut down.
INFO  03:57:11 Hosting environment: Development
INFO  03:57:11 Hosting environment: Development
INFO  03:57:11 Content root path: C:\Users\Lenovo\source\repos\Project_Static\Auth\AuthService
INFO  03:57:11 Content root path: C:\Users\Lenovo\source\repos\Project_Static\Auth\AuthService
INFO  03:58:33 Login attempt made bysujana
INFO  03:59:44 Application started. Press Ctrl+C to shut down.
INFO  03:59:44 Application started. Press Ctrl+C to shut down.
INFO  03:59:44 Hosting environment: Development
INFO  03:59:44 Hosting environment: Development
INFO  03:59:44 Content root path: C:\Users\Lenovo\source\repos\Project_Static\Auth\AuthService
INFO  03:59:44 Content root path: C:\Users\Lenovo\source\repos\Project_Static\Auth\AuthService
INFO  04:00:27 Login attempt made bysujana
INFO  04:02:44 Application started. Press Ctrl+C to shut down.
INFO  04:02:44 Application started. Press Ctrl+C to shut down.
INFO  04:02:44 Hosting environment: Development
INFO  04:02:44 Hosting environment: Development
INFO  04:02:44 Content root path: C:\Users\Lenovo\source\repos\Project_Static\Auth\AuthService
INFO  04:02:44 Content root path: C:\Users\Lenovo\source\repos\Project_Static\Auth\AuthService
INFO  04:03:10 Login attempt made bysujana
INFO  04:03:22 Login attempt made bymoana
INFO  04:03:22 Token generated formoana
